<?xml version="1.0" encoding="UTF-8"?>
<testng-results ignored="0" total="3" passed="3" failed="0" skipped="0">
  <reporter-output>
    <line>
      <![CDATA[Hi Github]]>
    </line>
    <line>
      <![CDATA[Hi Jenkin]]>
    </line>
    <line>
      <![CDATA[Hi Maven]]>
    </line>
  </reporter-output>
  <suite started-at="2025-12-03T12:29:24 IST" name="Suite" finished-at="2025-12-03T12:29:25 IST" duration-ms="151">
    <groups>
    </groups>
    <test started-at="2025-12-03T12:29:24 IST" name="Test" finished-at="2025-12-03T12:29:25 IST" duration-ms="151">
      <class name="maven.MavenPracticeTest">
        <test-method signature="mavenPracticeTest()[pri:0, instance:maven.MavenPracticeTest@1151e434]" started-at="2025-12-03T12:29:25 IST" name="mavenPracticeTest" finished-at="2025-12-03T12:29:25 IST" duration-ms="10" status="PASS">
          <reporter-output>
            <line>
              <![CDATA[Hi Maven]]>
            </line>
          </reporter-output>
        </test-method> <!-- mavenPracticeTest -->
      </class> <!-- maven.MavenPracticeTest -->
      <class name="jenkins.JenkinsPracticeTest">
        <test-method signature="jenkinsPracticeTest()[pri:0, instance:jenkins.JenkinsPracticeTest@1b11171f]" started-at="2025-12-03T12:29:25 IST" name="jenkinsPracticeTest" finished-at="2025-12-03T12:29:25 IST" duration-ms="5" status="PASS">
          <reporter-output>
            <line>
              <![CDATA[Hi Jenkin]]>
            </line>
          </reporter-output>
        </test-method> <!-- jenkinsPracticeTest -->
      </class> <!-- jenkins.JenkinsPracticeTest -->
      <class name="github.GithubPracticeTest">
        <test-method signature="githubPracticeTest()[pri:0, instance:github.GithubPracticeTest@36916eb0]" started-at="2025-12-03T12:29:25 IST" name="githubPracticeTest" finished-at="2025-12-03T12:29:25 IST" duration-ms="33" status="PASS">
          <reporter-output>
            <line>
              <![CDATA[Hi Github]]>
            </line>
          </reporter-output>
        </test-method> <!-- githubPracticeTest -->
      </class> <!-- github.GithubPracticeTest -->
    </test> <!-- Test -->
  </suite> <!-- Suite -->
</testng-results>
