<?xml version="1.0" encoding="UTF-8"?>
<!-- Generated by org.testng.reporters.JUnitReportReporter -->
<testsuite hostname="Shreya" failures="0" tests="1" name="jenkins.JenkinsPracticeTest" time="0.005" errors="0" timestamp="2025-12-03T12:29:25 IST" skipped="0">
  <testcase classname="jenkins.JenkinsPracticeTest" name="jenkinsPracticeTest" time="0.005">
    <system-out>
      <![CDATA[Hi Jenkin]]>
    </system-out>
  </testcase> <!-- jenkinsPracticeTest -->
  <system-out>
    <![CDATA[Hi Github
Hi Jenkin
Hi Maven]]>
  </system-out>
</testsuite> <!-- jenkins.JenkinsPracticeTest -->
