<?xml version="1.0" encoding="UTF-8"?>
<!-- Generated by org.testng.reporters.JUnitReportReporter -->
<testsuite hostname="Shreya" failures="0" tests="1" name="github.GithubPracticeTest" time="0.033" errors="0" timestamp="2025-12-03T12:29:25 IST" skipped="0">
  <testcase classname="github.GithubPracticeTest" name="githubPracticeTest" time="0.033">
    <system-out>
      <![CDATA[Hi Github]]>
    </system-out>
  </testcase> <!-- githubPracticeTest -->
  <system-out>
    <![CDATA[Hi Github
Hi Jenkin
Hi Maven]]>
  </system-out>
</testsuite> <!-- github.GithubPracticeTest -->
